# JRE version: Java(TM) SE Runtime Environment (17.0.9+11) (build 17.0.9+11-LTS-201)
# Java VM: Java HotSpot(TM) 64-Bit Server VM (17.0.9+11-LTS-201, mixed mode, emulated-client, sharing, tiered, compressed oops, compressed class ptrs, g1 gc, windows-amd64)
GC Precious Log:
 CPUs: 8 total, 8 available
 Memory: 12093M
 Large Page Support: Disabled
 NUMA Support: Disabled
 Compressed Oops: Enabled (Zero based)
 Heap Region Size: 2M
 Heap Min Capacity: 8M
 Heap Initial Capacity: 190M
 Heap Max Capacity: 3024M
 Pre-touch: Disabled
 Parallel Workers: 8
 Concurrent Workers: 2
 Concurrent Refinement Workers: 8
 Periodic GC: Disabled
Heap:
 garbage-first heap   total 69632K, used 26547K [0x0000000743000000, 0x0000000800000000)
  region size 2048K, 6 young (12288K), 3 survivors (6144K)
 Metaspace       used 48326K, committed 48704K, reserved 1114112K
  class space    used 6831K, committed 7040K, reserved 1048576K
GC Heap History (20 events):
Event: 1.404 GC heap before
{Heap before GC invocations=1 (full 0):
 garbage-first heap   total 194560K, used 30516K [0x0000000743000000, 0x0000000800000000)
  region size 2048K, 14 young (28672K), 2 survivors (4096K)
 Metaspace       used 9881K, committed 10112K, reserved 1114112K
  class space    used 1317K, committed 1408K, reserved 1048576K
}
Event: 1.411 GC heap after
{Heap after GC invocations=2 (full 0):
 garbage-first heap   total 194560K, used 7447K [0x0000000743000000, 0x0000000800000000)
  region size 2048K, 1 young (2048K), 1 survivors (2048K)
 Metaspace       used 9881K, committed 10112K, reserved 1114112K
  class space    used 1317K, committed 1408K, reserved 1048576K
}
Event: 3.744 GC heap before
{Heap before GC invocations=2 (full 0):
 garbage-first heap   total 194560K, used 81175K [0x0000000743000000, 0x0000000800000000)
  region size 2048K, 38 young (77824K), 1 survivors (2048K)
 Metaspace       used 21224K, committed 21504K, reserved 1114112K
  class space    used 2986K, committed 3136K, reserved 1048576K
}
Event: 3.756 GC heap after
{Heap after GC invocations=3 (full 0):
 garbage-first heap   total 194560K, used 12446K [0x0000000743000000, 0x0000000800000000)
  region size 2048K, 4 young (8192K), 4 survivors (8192K)
 Metaspace       used 21224K, committed 21504K, reserved 1114112K
  class space    used 2986K, committed 3136K, reserved 1048576K
}
Event: 4.395 GC heap before
{Heap before GC invocations=4 (full 0):
 garbage-first heap   total 55296K, used 39070K [0x0000000743000000, 0x0000000800000000)
  region size 2048K, 18 young (36864K), 4 survivors (8192K)
 Metaspace       used 25348K, committed 25664K, reserved 1114112K
  class space    used 3490K, committed 3648K, reserved 1048576K
}
Event: 4.402 GC heap after
{Heap after GC invocations=5 (full 0):
 garbage-first heap   total 55296K, used 14370K [0x0000000743000000, 0x0000000800000000)
  region size 2048K, 5 young (10240K), 5 survivors (10240K)
 Metaspace       used 25348K, committed 25664K, reserved 1114112K
  class space    used 3490K, committed 3648K, reserved 1048576K
}
Event: 5.002 GC heap before
{Heap before GC invocations=5 (full 0):
 garbage-first heap   total 55296K, used 34850K [0x0000000743000000, 0x0000000800000000)
  region size 2048K, 15 young (30720K), 5 survivors (10240K)
 Metaspace       used 29924K, committed 30272K, reserved 1114112K
  class space    used 4282K, committed 4416K, reserved 1048576K
}
Event: 5.011 GC heap after
{Heap after GC invocations=6 (full 0):
 garbage-first heap   total 55296K, used 15245K [0x0000000743000000, 0x0000000800000000)
  region size 2048K, 2 young (4096K), 2 survivors (4096K)
 Metaspace       used 29924K, committed 30272K, reserved 1114112K
  class space    used 4282K, committed 4416K, reserved 1048576K
}
Event: 5.623 GC heap before
{Heap before GC invocations=6 (full 0):
 garbage-first heap   total 55296K, used 35725K [0x0000000743000000, 0x0000000800000000)
  region size 2048K, 12 young (24576K), 2 survivors (4096K)
 Metaspace       used 35027K, committed 35328K, reserved 1114112K
  class space    used 4921K, committed 5056K, reserved 1048576K
}
Event: 5.627 GC heap after
{Heap after GC invocations=7 (full 0):
 garbage-first heap   total 55296K, used 17545K [0x0000000743000000, 0x0000000800000000)
  region size 2048K, 2 young (4096K), 2 survivors (4096K)
 Metaspace       used 35027K, committed 35328K, reserved 1114112K
  class space    used 4921K, committed 5056K, reserved 1048576K
}
Event: 5.779 GC heap before
{Heap before GC invocations=7 (full 0):
 garbage-first heap   total 55296K, used 19593K [0x0000000743000000, 0x0000000800000000)
  region size 2048K, 4 young (8192K), 2 survivors (4096K)
 Metaspace       used 35825K, committed 36096K, reserved 1114112K
  class space    used 5024K, committed 5184K, reserved 1048576K
}
Event: 5.782 GC heap after
{Heap after GC invocations=8 (full 0):
 garbage-first heap   total 55296K, used 17787K [0x0000000743000000, 0x0000000800000000)
  region size 2048K, 1 young (2048K), 1 survivors (2048K)
 Metaspace       used 35825K, committed 36096K, reserved 1114112K
  class space    used 5024K, committed 5184K, reserved 1048576K
}
Event: 6.420 GC heap before
{Heap before GC invocations=9 (full 0):
 garbage-first heap   total 55296K, used 38267K [0x0000000743000000, 0x0000000800000000)
  region size 2048K, 11 young (22528K), 1 survivors (2048K)
 Metaspace       used 39549K, committed 39872K, reserved 1114112K
  class space    used 5690K, committed 5824K, reserved 1048576K
}
Event: 6.422 GC heap after
{Heap after GC invocations=10 (full 0):
 garbage-first heap   total 55296K, used 18284K [0x0000000743000000, 0x0000000800000000)
  region size 2048K, 1 young (2048K), 1 survivors (2048K)
 Metaspace       used 39549K, committed 39872K, reserved 1114112K
  class space    used 5690K, committed 5824K, reserved 1048576K
}
Event: 6.475 GC heap before
{Heap before GC invocations=10 (full 0):
 garbage-first heap   total 55296K, used 18284K [0x0000000743000000, 0x0000000800000000)
  region size 2048K, 2 young (4096K), 1 survivors (2048K)
 Metaspace       used 39667K, committed 39936K, reserved 1114112K
  class space    used 5701K, committed 5824K, reserved 1048576K
}
Event: 6.480 GC heap after
{Heap after GC invocations=11 (full 0):
 garbage-first heap   total 55296K, used 18341K [0x0000000743000000, 0x0000000800000000)
  region size 2048K, 1 young (2048K), 1 survivors (2048K)
 Metaspace       used 39667K, committed 39936K, reserved 1114112K
  class space    used 5701K, committed 5824K, reserved 1048576K
}
Event: 6.919 GC heap before
{Heap before GC invocations=11 (full 0):
 garbage-first heap   total 55296K, used 36773K [0x0000000743000000, 0x0000000800000000)
  region size 2048K, 11 young (22528K), 1 survivors (2048K)
 Metaspace       used 41975K, committed 42240K, reserved 1114112K
  class space    used 6020K, committed 6144K, reserved 1048576K
}
Event: 6.921 GC heap after
{Heap after GC invocations=12 (full 0):
 garbage-first heap   total 69632K, used 19566K [0x0000000743000000, 0x0000000800000000)
  region size 2048K, 2 young (4096K), 2 survivors (4096K)
 Metaspace       used 41975K, committed 42240K, reserved 1114112K
  class space    used 6020K, committed 6144K, reserved 1048576K
}
Event: 47.177 GC heap before
{Heap before GC invocations=12 (full 0):
 garbage-first heap   total 69632K, used 50286K [0x0000000743000000, 0x0000000800000000)
  region size 2048K, 17 young (34816K), 2 survivors (4096K)
 Metaspace       used 46865K, committed 47232K, reserved 1114112K
  class space    used 6668K, committed 6848K, reserved 1048576K
}
Event: 47.184 GC heap after
{Heap after GC invocations=13 (full 0):
 garbage-first heap   total 69632K, used 22451K [0x0000000743000000, 0x0000000800000000)
  region size 2048K, 3 young (6144K), 3 survivors (6144K)
 Metaspace       used 46865K, committed 47232K, reserved 1114112K
  class space    used 6668K, committed 6848K, reserved 1048576K
}

